make all --print-data-base --no-builtin-variables --no-builtin-rules --question
# GNU Make 4.1
# Built for x86_64-pc-linux-gnu
# Copyright (C) 1988-2014 Free Software Foundation, Inc.
# License GPLv3+: GNU GPL version 3 or later <http://gnu.org/licenses/gpl.html>
# This is free software: you are free to change and redistribute it.
# There is NO WARRANTY, to the extent permitted by law.

# Make data base, printed on Fri Jul 29 21:38:38 2022

# Variables

# automatic
<D = $(patsubst %/,%,$(dir $<))
# automatic
?F = $(notdir $?)
# default
.SHELLFLAGS := -c
# environment
VSCODE_AGENT_FOLDER = /home/hoody/.vscode-server
# automatic
?D = $(patsubst %/,%,$(dir $?))
# automatic
@D = $(patsubst %/,%,$(dir $@))
# automatic
@F = $(notdir $@)
# default
MAKE_VERSION := 4.1
# makefile
CURDIR := /home/hoody/BUPT-ascent
# makefile
SHELL = /bin/sh
# environment
VSCODE_NLS_CONFIG = {"locale":"zh-cn","availableLanguages":{}}
# environment
_ = /home/hoody/.vscode-server/bin/3b889b090b5ad5793f524b5d1d39fda662b96a2a/bin/code-server
# makefile
MAKEFILE_LIST := 
# 'override' directive
GNUMAKEFLAGS := 
# environment
DBUS_SESSION_BUS_ADDRESS = unix:path=/run/user/1000/bus
# environment
VSCODE_CWD = /home/hoody
# environment
SSH_CONNECTION = 192.168.209.1 12083 192.168.209.143 22
# environment
PATH = /home/hoody/.vscode-server/bin/3b889b090b5ad5793f524b5d1d39fda662b96a2a/bin/remote-cli:/usr/local/sbin:/usr/local/bin:/usr/sbin:/usr/bin:/sbin:/bin:/usr/games:/usr/local/games:/snap/bin
# environment
XDG_RUNTIME_DIR = /run/user/1000
# environment
ELECTRON_RUN_AS_NODE = 1
# default
.FEATURES := target-specific order-only second-expansion else-if shortest-stem undefine oneshell archives jobserver output-sync check-symlink load
# automatic
%F = $(notdir $%)
# environment
PWD = /home/hoody/BUPT-ascent
# environment
VSCODE_IPC_HOOK_CLI = /run/user/1000/vscode-ipc-84402db0-c2e2-48ba-a694-a365c70e2185.sock
# automatic
*D = $(patsubst %/,%,$(dir $*))
# environment
VSCODE_AMD_ENTRYPOINT = vs/workbench/api/node/extensionHostProcess
# environment
HOME = /home/hoody
# environment
LOGNAME = hoody
# environment
APPLICATION_INSIGHTS_NO_DIAGNOSTIC_CHANNEL = 1
# automatic
+F = $(notdir $+)
# environment
VSCODE_HANDLES_UNCAUGHT_ERRORS = true
# automatic
^D = $(patsubst %/,%,$(dir $^))
# environment
MAKELEVEL := 0
# default
MAKE = $(MAKE_COMMAND)
# default
MAKECMDGOALS := all
# environment
SHLVL = 2
# environment
XDG_SESSION_ID = 3
# environment
USER = hoody
# makefile
.DEFAULT_GOAL := 
# automatic
%D = $(patsubst %/,%,$(dir $%))
# default
MAKE_COMMAND := make
# default
.VARIABLES := 
# automatic
*F = $(notdir $*)
# environment
LANGUAGE = zh_CN:zh
# makefile
MAKEFLAGS = pqrR
# environment
MFLAGS = -pqrR
# environment
SSH_CLIENT = 192.168.209.1 12083 22
# environment
MAIL = /var/mail/hoody
# automatic
+D = $(patsubst %/,%,$(dir $+))
# environment
BROWSER = /home/hoody/.vscode-server/bin/3b889b090b5ad5793f524b5d1d39fda662b96a2a/bin/helpers/browser.sh
# environment
VSCODE_HANDLES_SIGPIPE = true
# default
MAKEFILES := 
# automatic
<F = $(notdir $<)
# environment
LC_ALL = C
# automatic
^F = $(notdir $^)
# default
SUFFIXES := 
# default
.INCLUDE_DIRS = /usr/include /usr/local/include /usr/include
# default
.RECIPEPREFIX := 
# default
MAKE_HOST := x86_64-pc-linux-gnu
# environment
LANG = C
# variable set hash-table stats:
# Load=60/1024=6%, Rehash=0, Collisions=8/82=10%

# Pattern-specific Variable Values

# No pattern-specific variable values.

# Directories

# . (device 2049, inode 2119860): 18 files, no impossibilities.

# 18 files, no impossibilities in 1 directories.

# Implicit Rules

# No implicit rules.

# Files

# Not a target:
all:
#  Command line target.
#  Implicit rule search has been done.
#  File does not exist.
#  File has not been updated.

# Not a target:
Makefile:
#  Implicit rule search has been done.
#  File does not exist.
#  File has been updated.
#  Failed to be updated.

# Not a target:
makefile:
#  Implicit rule search has been done.
#  File does not exist.
#  File has been updated.
#  Failed to be updated.

# Not a target:
.DEFAULT:
#  Implicit rule search has not been done.
#  Modification time never checked.
#  File has not been updated.

# Not a target:
GNUmakefile:
#  Implicit rule search has been done.
#  File does not exist.
#  File has been updated.
#  Failed to be updated.

# files hash-table stats:
# Load=6/1024=1%, Rehash=0, Collisions=0/15=0%
# VPATH Search Paths

# No 'vpath' search paths.

# No general ('VPATH' variable) search path.

# strcache buffers: 1 (0) / strings = 26 / storage = 276 B / avg = 10 B
# current buf: size = 8162 B / used = 276 B / count = 26 / avg = 10 B

# strcache performance: lookups = 29 / hit rate = 10%
# hash-table stats:
# Load=26/8192=0%, Rehash=0, Collisions=1/29=3%
# Finished Make data base on Fri Jul 29 21:38:38 2022

 
make: *** No rule to make target 'all'.  Stop.

